<?xml version="1.0" encoding="UTF-8"?>
<!-- Generated by org.testng.reporters.JUnitReportReporter -->
<testsuite hostname="DESKTOP-UCR3AVU" failures="0" tests="5" name="com.ninja.qa.testcases.LoginPage" time="13.983" errors="0" timestamp="2023-03-26T17:46:09 IST" skipped="0">
  <testcase classname="com.ninja.qa.testcases.LoginPage" name="LoginWithValidDetails" time="6.266"/>
  <system-out/>
  <testcase classname="com.ninja.qa.testcases.LoginPage" name="LoginWithInvalidDetail" time="1.949"/>
  <system-out/>
  <testcase classname="com.ninja.qa.testcases.LoginPage" name="LoginWithInvaldiEmailAndValidPassword" time="1.964"/>
  <system-out/>
  <testcase classname="com.ninja.qa.testcases.LoginPage" name="LoginWithInvalidEmailAndPassword" time="1.987"/>
  <system-out/>
  <testcase classname="com.ninja.qa.testcases.LoginPage" name="LoginwithoutCredentials" time="1.817"/>
  <system-out/>
</testsuite> <!-- com.ninja.qa.testcases.LoginPage -->
