<?xml version="1.0" encoding="UTF-8"?>
<!-- Generated by org.testng.reporters.JUnitReportReporter -->
<testsuite hostname="DESKTOP-UCR3AVU" failures="0" tests="5" name="com.ninja.qa.testcases.LoginPage" time="12.119" errors="0" timestamp="2023-03-26T17:59:06 IST" skipped="0">
  <testcase classname="com.ninja.qa.testcases.LoginPage" name="LoginWithValidDetails" time="2.323"/>
  <system-out/>
  <testcase classname="com.ninja.qa.testcases.LoginPage" name="LoginWithInvalidDetail" time="2.088"/>
  <system-out/>
  <testcase classname="com.ninja.qa.testcases.LoginPage" name="LoginWithInvaldiEmailAndValidPassword" time="2.020"/>
  <system-out/>
  <testcase classname="com.ninja.qa.testcases.LoginPage" name="LoginWithInvalidEmailAndPassword" time="2.061"/>
  <system-out/>
  <testcase classname="com.ninja.qa.testcases.LoginPage" name="LoginwithoutCredentials" time="3.627"/>
  <system-out/>
</testsuite> <!-- com.ninja.qa.testcases.LoginPage -->
