<?xml version="1.0" encoding="UTF-8"?>
<!-- Generated by org.testng.reporters.JUnitReportReporter -->
<testsuite hostname="DESKTOP-UCR3AVU" failures="0" tests="3" name="com.ninja.qa.testcases.SearchPage" time="4.891" errors="0" timestamp="2023-03-28T16:30:48 IST" skipped="0">
  <testcase classname="com.ninja.qa.testcases.SearchPage" name="VerifySearchWithValidProduct" time="1.672"/>
  <system-out/>
  <testcase classname="com.ninja.qa.testcases.SearchPage" name="VerifySearchwithInvalidProduct" time="1.616"/>
  <system-out/>
  <testcase classname="com.ninja.qa.testcases.SearchPage" name="VerifySearchwithoutdetails" time="1.603"/>
  <system-out/>
</testsuite> <!-- com.ninja.qa.testcases.SearchPage -->
