<?xml version="1.0" encoding="UTF-8"?>
<!-- Generated by org.testng.reporters.JUnitReportReporter -->
<testsuite hostname="DESKTOP-UCR3AVU" failures="0" tests="1" name="com.ninja.qa.testcases.RegisterPage" time="6.280" errors="0" timestamp="2023-03-26T19:44:42 IST" skipped="0">
  <testcase classname="com.ninja.qa.testcases.RegisterPage" name="VerifyRegisitritionWithoutDetails" time="6.280"/>
  <system-out/>
</testsuite> <!-- com.ninja.qa.testcases.RegisterPage -->
