<?xml version="1.0" encoding="UTF-8"?>
<!-- Generated by org.testng.reporters.JUnitReportReporter -->
<testsuite hostname="DESKTOP-UCR3AVU" failures="0" tests="3" name="com.ninja.qa.testcases.SearchPage" time="5.047" errors="0" timestamp="2023-03-28T12:23:16 IST" skipped="0">
  <testcase classname="com.ninja.qa.testcases.SearchPage" name="VerifySearchWithValidProduct" time="1.619"/>
  <system-out/>
  <testcase classname="com.ninja.qa.testcases.SearchPage" name="VerifySearchwithInvalidProduct" time="1.614"/>
  <system-out/>
  <testcase classname="com.ninja.qa.testcases.SearchPage" name="VerifySearchwithoutdetails" time="1.814"/>
  <system-out/>
</testsuite> <!-- com.ninja.qa.testcases.SearchPage -->
