<?xml version="1.0" encoding="UTF-8"?>
<!-- Generated by org.testng.reporters.JUnitReportReporter -->
<testsuite hostname="DESKTOP-UCR3AVU" failures="0" tests="1" name="com.ninja.qa.testcases.LoginPage" time="5.713" errors="0" timestamp="2023-03-26T16:45:27 IST" skipped="0">
  <testcase classname="com.ninja.qa.testcases.LoginPage" name="LoginWithValidDetails" time="5.713"/>
  <system-out/>
</testsuite> <!-- com.ninja.qa.testcases.LoginPage -->
